<?xml version="1.0" encoding="UTF-8"?>
<testsuite xmlns:xsi="http://www.w3.org/2001/XMLSchema-instance" xsi:noNamespaceSchemaLocation="https://maven.apache.org/surefire/maven-surefire-plugin/xsd/surefire-test-report.xsd" name="com.github.marlonflorencio.nifi.MyProcessorTest" time="0.177" tests="1" errors="0" skipped="0" failures="0">
  <properties>
    <property name="sun.desktop" value="gnome"/>
    <property name="awt.toolkit" value="sun.awt.X11.XToolkit"/>
    <property name="java.specification.version" value="11"/>
    <property name="sun.cpu.isalist" value=""/>
    <property name="sun.jnu.encoding" value="UTF-8"/>
    <property name="java.class.path" value="/home/marlon/env/nifi/processor/processor1/nifi-processor1bn-processors/target/test-classes:/home/marlon/env/nifi/processor/processor1/nifi-processor1bn-processors/target/classes:/home/marlon/.m2/repository/org/apache/nifi/nifi-api/1.12.1/nifi-api-1.12.1.jar:/home/marlon/.m2/repository/org/apache/nifi/nifi-utils/1.12.1/nifi-utils-1.12.1.jar:/home/marlon/.m2/repository/javax/xml/bind/jaxb-api/2.3.0/jaxb-api-2.3.0.jar:/home/marlon/.m2/repository/com/sun/xml/bind/jaxb-core/2.3.0/jaxb-core-2.3.0.jar:/home/marlon/.m2/repository/com/sun/xml/bind/jaxb-impl/2.3.0/jaxb-impl-2.3.0.jar:/home/marlon/.m2/repository/commons-io/commons-io/2.8.0/commons-io-2.8.0.jar:/home/marlon/.m2/repository/org/apache/nifi/nifi-record-serialization-service-api/1.12.1/nifi-record-serialization-service-api-1.12.1.jar:/home/marlon/.m2/repository/org/apache/nifi/nifi-record/1.12.1/nifi-record-1.12.1.jar:/home/marlon/.m2/repository/org/apache/nifi/nifi-schema-registry-service-api/1.12.1/nifi-schema-registry-service-api-1.12.1.jar:/home/marlon/.m2/repository/org/apache/kafka/kafka-clients/2.6.0/kafka-clients-2.6.0.jar:/home/marlon/.m2/repository/com/github/luben/zstd-jni/1.4.4-7/zstd-jni-1.4.4-7.jar:/home/marlon/.m2/repository/org/lz4/lz4-java/1.7.1/lz4-java-1.7.1.jar:/home/marlon/.m2/repository/org/xerial/snappy/snappy-java/1.1.7.3/snappy-java-1.1.7.3.jar:/home/marlon/.m2/repository/org/slf4j/slf4j-api/1.7.30/slf4j-api-1.7.30.jar:/home/marlon/.m2/repository/io/confluent/kafka-avro-serializer/5.5.3/kafka-avro-serializer-5.5.3.jar:/home/marlon/.m2/repository/io/confluent/kafka-schema-serializer/5.5.3/kafka-schema-serializer-5.5.3.jar:/home/marlon/.m2/repository/io/confluent/kafka-schema-registry-client/5.5.3/kafka-schema-registry-client-5.5.3.jar:/home/marlon/.m2/repository/jakarta/ws/rs/jakarta.ws.rs-api/2.1.6/jakarta.ws.rs-api-2.1.6.jar:/home/marlon/.m2/repository/org/glassfish/jersey/core/jersey-common/2.31/jersey-common-2.31.jar:/home/marlon/.m2/repository/jakarta/annotation/jakarta.annotation-api/1.3.5/jakarta.annotation-api-1.3.5.jar:/home/marlon/.m2/repository/org/glassfish/hk2/external/jakarta.inject/2.6.1/jakarta.inject-2.6.1.jar:/home/marlon/.m2/repository/org/glassfish/hk2/osgi-resource-locator/1.0.3/osgi-resource-locator-1.0.3.jar:/home/marlon/.m2/repository/com/sun/activation/jakarta.activation/1.2.2/jakarta.activation-1.2.2.jar:/home/marlon/.m2/repository/io/swagger/swagger-annotations/1.6.2/swagger-annotations-1.6.2.jar:/home/marlon/.m2/repository/io/confluent/common-config/5.5.3/common-config-5.5.3.jar:/home/marlon/.m2/repository/io/confluent/common-utils/5.5.3/common-utils-5.5.3.jar:/home/marlon/.m2/repository/org/apache/commons/commons-lang3/3.11/commons-lang3-3.11.jar:/home/marlon/.m2/repository/org/apache/avro/avro/1.9.1/avro-1.9.1.jar:/home/marlon/.m2/repository/com/fasterxml/jackson/core/jackson-core/2.9.9/jackson-core-2.9.9.jar:/home/marlon/.m2/repository/com/fasterxml/jackson/core/jackson-databind/2.9.9.3/jackson-databind-2.9.9.3.jar:/home/marlon/.m2/repository/com/fasterxml/jackson/core/jackson-annotations/2.9.0/jackson-annotations-2.9.0.jar:/home/marlon/.m2/repository/org/apache/commons/commons-compress/1.19/commons-compress-1.19.jar:/home/marlon/.m2/repository/com/google/code/gson/gson/2.8.6/gson-2.8.6.jar:/home/marlon/.m2/repository/org/apache/nifi/nifi-mock/1.12.1/nifi-mock-1.12.1.jar:/home/marlon/.m2/repository/org/apache/nifi/nifi-framework-api/1.12.1/nifi-framework-api-1.12.1.jar:/home/marlon/.m2/repository/org/apache/nifi/nifi-parameter/1.12.1/nifi-parameter-1.12.1.jar:/home/marlon/.m2/repository/org/apache/nifi/nifi-expression-language/1.12.1/nifi-expression-language-1.12.1.jar:/home/marlon/.m2/repository/org/antlr/antlr-runtime/3.5.2/antlr-runtime-3.5.2.jar:/home/marlon/.m2/repository/com/jayway/jsonpath/json-path/2.4.0/json-path-2.4.0.jar:/home/marlon/.m2/repository/net/minidev/json-smart/2.3/json-smart-2.3.jar:/home/marlon/.m2/repository/net/minidev/accessors-smart/1.2/accessors-smart-1.2.jar:/home/marlon/.m2/repository/org/ow2/asm/asm/5.0.4/asm-5.0.4.jar:/home/marlon/.m2/repository/org/apache/commons/commons-text/1.8/commons-text-1.8.jar:/home/marlon/.m2/repository/commons-codec/commons-codec/1.14/commons-codec-1.14.jar:/home/marlon/.m2/repository/org/apache/nifi/nifi-data-provenance-utils/1.12.1/nifi-data-provenance-utils-1.12.1.jar:/home/marlon/.m2/repository/org/apache/nifi/nifi-security-utils/1.12.1/nifi-security-utils-1.12.1.jar:/home/marlon/.m2/repository/org/apache/nifi/nifi-security-utils-api/1.12.1/nifi-security-utils-api-1.12.1.jar:/home/marlon/.m2/repository/org/bouncycastle/bcpkix-jdk15on/1.66/bcpkix-jdk15on-1.66.jar:/home/marlon/.m2/repository/at/favre/lib/bcrypt/0.9.0/bcrypt-0.9.0.jar:/home/marlon/.m2/repository/at/favre/lib/bytes/1.3.0/bytes-1.3.0.jar:/home/marlon/.m2/repository/org/apache/commons/commons-configuration2/2.7/commons-configuration2-2.7.jar:/home/marlon/.m2/repository/commons-logging/commons-logging/1.2/commons-logging-1.2.jar:/home/marlon/.m2/repository/com/sun/activation/javax.activation/1.2.0/javax.activation-1.2.0.jar:/home/marlon/.m2/repository/org/bouncycastle/bcprov-jdk15on/1.66/bcprov-jdk15on-1.66.jar:/home/marlon/.m2/repository/org/apache/nifi/nifi-properties-loader/1.12.1/nifi-properties-loader-1.12.1.jar:/home/marlon/.m2/repository/org/apache/nifi/nifi-properties/1.12.1/nifi-properties-1.12.1.jar:/home/marlon/.m2/repository/org/slf4j/slf4j-simple/1.7.30/slf4j-simple-1.7.30.jar:/home/marlon/.m2/repository/junit/junit/4.13/junit-4.13.jar:/home/marlon/.m2/repository/org/hamcrest/hamcrest-core/1.3/hamcrest-core-1.3.jar:/home/marlon/.m2/repository/org/mockito/mockito-core/2.28.2/mockito-core-2.28.2.jar:/home/marlon/.m2/repository/net/bytebuddy/byte-buddy/1.9.10/byte-buddy-1.9.10.jar:/home/marlon/.m2/repository/net/bytebuddy/byte-buddy-agent/1.9.10/byte-buddy-agent-1.9.10.jar:/home/marlon/.m2/repository/org/objenesis/objenesis/2.6/objenesis-2.6.jar:/home/marlon/.m2/repository/org/codehaus/groovy/groovy-test/2.5.4/groovy-test-2.5.4.jar:/home/marlon/.m2/repository/org/codehaus/groovy/groovy/2.5.4/groovy-2.5.4.jar:"/>
    <property name="java.vm.vendor" value="Ubuntu"/>
    <property name="sun.arch.data.model" value="64"/>
    <property name="java.vendor.url" value="https://ubuntu.com/"/>
    <property name="user.timezone" value=""/>
    <property name="java.vm.specification.version" value="11"/>
    <property name="os.name" value="Linux"/>
    <property name="sun.java.launcher" value="SUN_STANDARD"/>
    <property name="user.country" value="US"/>
    <property name="sun.boot.library.path" value="/usr/lib/jvm/java-11-openjdk-amd64/lib"/>
    <property name="sun.java.command" value="/home/marlon/env/nifi/processor/processor1/nifi-processor1bn-processors/target/surefire/surefirebooter91203645413804482.jar /home/marlon/env/nifi/processor/processor1/nifi-processor1bn-processors/target/surefire 2021-02-17T17-19-18_384-jvmRun1 surefire9849733698924672578tmp surefire_011088957148137480335tmp"/>
    <property name="jdk.debug" value="release"/>
    <property name="surefire.test.class.path" value="/home/marlon/env/nifi/processor/processor1/nifi-processor1bn-processors/target/test-classes:/home/marlon/env/nifi/processor/processor1/nifi-processor1bn-processors/target/classes:/home/marlon/.m2/repository/org/apache/nifi/nifi-api/1.12.1/nifi-api-1.12.1.jar:/home/marlon/.m2/repository/org/apache/nifi/nifi-utils/1.12.1/nifi-utils-1.12.1.jar:/home/marlon/.m2/repository/javax/xml/bind/jaxb-api/2.3.0/jaxb-api-2.3.0.jar:/home/marlon/.m2/repository/com/sun/xml/bind/jaxb-core/2.3.0/jaxb-core-2.3.0.jar:/home/marlon/.m2/repository/com/sun/xml/bind/jaxb-impl/2.3.0/jaxb-impl-2.3.0.jar:/home/marlon/.m2/repository/commons-io/commons-io/2.8.0/commons-io-2.8.0.jar:/home/marlon/.m2/repository/org/apache/nifi/nifi-record-serialization-service-api/1.12.1/nifi-record-serialization-service-api-1.12.1.jar:/home/marlon/.m2/repository/org/apache/nifi/nifi-record/1.12.1/nifi-record-1.12.1.jar:/home/marlon/.m2/repository/org/apache/nifi/nifi-schema-registry-service-api/1.12.1/nifi-schema-registry-service-api-1.12.1.jar:/home/marlon/.m2/repository/org/apache/kafka/kafka-clients/2.6.0/kafka-clients-2.6.0.jar:/home/marlon/.m2/repository/com/github/luben/zstd-jni/1.4.4-7/zstd-jni-1.4.4-7.jar:/home/marlon/.m2/repository/org/lz4/lz4-java/1.7.1/lz4-java-1.7.1.jar:/home/marlon/.m2/repository/org/xerial/snappy/snappy-java/1.1.7.3/snappy-java-1.1.7.3.jar:/home/marlon/.m2/repository/org/slf4j/slf4j-api/1.7.30/slf4j-api-1.7.30.jar:/home/marlon/.m2/repository/io/confluent/kafka-avro-serializer/5.5.3/kafka-avro-serializer-5.5.3.jar:/home/marlon/.m2/repository/io/confluent/kafka-schema-serializer/5.5.3/kafka-schema-serializer-5.5.3.jar:/home/marlon/.m2/repository/io/confluent/kafka-schema-registry-client/5.5.3/kafka-schema-registry-client-5.5.3.jar:/home/marlon/.m2/repository/jakarta/ws/rs/jakarta.ws.rs-api/2.1.6/jakarta.ws.rs-api-2.1.6.jar:/home/marlon/.m2/repository/org/glassfish/jersey/core/jersey-common/2.31/jersey-common-2.31.jar:/home/marlon/.m2/repository/jakarta/annotation/jakarta.annotation-api/1.3.5/jakarta.annotation-api-1.3.5.jar:/home/marlon/.m2/repository/org/glassfish/hk2/external/jakarta.inject/2.6.1/jakarta.inject-2.6.1.jar:/home/marlon/.m2/repository/org/glassfish/hk2/osgi-resource-locator/1.0.3/osgi-resource-locator-1.0.3.jar:/home/marlon/.m2/repository/com/sun/activation/jakarta.activation/1.2.2/jakarta.activation-1.2.2.jar:/home/marlon/.m2/repository/io/swagger/swagger-annotations/1.6.2/swagger-annotations-1.6.2.jar:/home/marlon/.m2/repository/io/confluent/common-config/5.5.3/common-config-5.5.3.jar:/home/marlon/.m2/repository/io/confluent/common-utils/5.5.3/common-utils-5.5.3.jar:/home/marlon/.m2/repository/org/apache/commons/commons-lang3/3.11/commons-lang3-3.11.jar:/home/marlon/.m2/repository/org/apache/avro/avro/1.9.1/avro-1.9.1.jar:/home/marlon/.m2/repository/com/fasterxml/jackson/core/jackson-core/2.9.9/jackson-core-2.9.9.jar:/home/marlon/.m2/repository/com/fasterxml/jackson/core/jackson-databind/2.9.9.3/jackson-databind-2.9.9.3.jar:/home/marlon/.m2/repository/com/fasterxml/jackson/core/jackson-annotations/2.9.0/jackson-annotations-2.9.0.jar:/home/marlon/.m2/repository/org/apache/commons/commons-compress/1.19/commons-compress-1.19.jar:/home/marlon/.m2/repository/com/google/code/gson/gson/2.8.6/gson-2.8.6.jar:/home/marlon/.m2/repository/org/apache/nifi/nifi-mock/1.12.1/nifi-mock-1.12.1.jar:/home/marlon/.m2/repository/org/apache/nifi/nifi-framework-api/1.12.1/nifi-framework-api-1.12.1.jar:/home/marlon/.m2/repository/org/apache/nifi/nifi-parameter/1.12.1/nifi-parameter-1.12.1.jar:/home/marlon/.m2/repository/org/apache/nifi/nifi-expression-language/1.12.1/nifi-expression-language-1.12.1.jar:/home/marlon/.m2/repository/org/antlr/antlr-runtime/3.5.2/antlr-runtime-3.5.2.jar:/home/marlon/.m2/repository/com/jayway/jsonpath/json-path/2.4.0/json-path-2.4.0.jar:/home/marlon/.m2/repository/net/minidev/json-smart/2.3/json-smart-2.3.jar:/home/marlon/.m2/repository/net/minidev/accessors-smart/1.2/accessors-smart-1.2.jar:/home/marlon/.m2/repository/org/ow2/asm/asm/5.0.4/asm-5.0.4.jar:/home/marlon/.m2/repository/org/apache/commons/commons-text/1.8/commons-text-1.8.jar:/home/marlon/.m2/repository/commons-codec/commons-codec/1.14/commons-codec-1.14.jar:/home/marlon/.m2/repository/org/apache/nifi/nifi-data-provenance-utils/1.12.1/nifi-data-provenance-utils-1.12.1.jar:/home/marlon/.m2/repository/org/apache/nifi/nifi-security-utils/1.12.1/nifi-security-utils-1.12.1.jar:/home/marlon/.m2/repository/org/apache/nifi/nifi-security-utils-api/1.12.1/nifi-security-utils-api-1.12.1.jar:/home/marlon/.m2/repository/org/bouncycastle/bcpkix-jdk15on/1.66/bcpkix-jdk15on-1.66.jar:/home/marlon/.m2/repository/at/favre/lib/bcrypt/0.9.0/bcrypt-0.9.0.jar:/home/marlon/.m2/repository/at/favre/lib/bytes/1.3.0/bytes-1.3.0.jar:/home/marlon/.m2/repository/org/apache/commons/commons-configuration2/2.7/commons-configuration2-2.7.jar:/home/marlon/.m2/repository/commons-logging/commons-logging/1.2/commons-logging-1.2.jar:/home/marlon/.m2/repository/com/sun/activation/javax.activation/1.2.0/javax.activation-1.2.0.jar:/home/marlon/.m2/repository/org/bouncycastle/bcprov-jdk15on/1.66/bcprov-jdk15on-1.66.jar:/home/marlon/.m2/repository/org/apache/nifi/nifi-properties-loader/1.12.1/nifi-properties-loader-1.12.1.jar:/home/marlon/.m2/repository/org/apache/nifi/nifi-properties/1.12.1/nifi-properties-1.12.1.jar:/home/marlon/.m2/repository/org/slf4j/slf4j-simple/1.7.30/slf4j-simple-1.7.30.jar:/home/marlon/.m2/repository/junit/junit/4.13/junit-4.13.jar:/home/marlon/.m2/repository/org/hamcrest/hamcrest-core/1.3/hamcrest-core-1.3.jar:/home/marlon/.m2/repository/org/mockito/mockito-core/2.28.2/mockito-core-2.28.2.jar:/home/marlon/.m2/repository/net/bytebuddy/byte-buddy/1.9.10/byte-buddy-1.9.10.jar:/home/marlon/.m2/repository/net/bytebuddy/byte-buddy-agent/1.9.10/byte-buddy-agent-1.9.10.jar:/home/marlon/.m2/repository/org/objenesis/objenesis/2.6/objenesis-2.6.jar:/home/marlon/.m2/repository/org/codehaus/groovy/groovy-test/2.5.4/groovy-test-2.5.4.jar:/home/marlon/.m2/repository/org/codehaus/groovy/groovy/2.5.4/groovy-2.5.4.jar:"/>
    <property name="sun.cpu.endian" value="little"/>
    <property name="user.home" value="/home/marlon"/>
    <property name="user.language" value="en"/>
    <property name="java.specification.vendor" value="Oracle Corporation"/>
    <property name="java.version.date" value="2020-11-04"/>
    <property name="java.home" value="/usr/lib/jvm/java-11-openjdk-amd64"/>
    <property name="file.separator" value="/"/>
    <property name="basedir" value="/home/marlon/env/nifi/processor/processor1/nifi-processor1bn-processors"/>
    <property name="java.vm.compressedOopsMode" value="32-bit"/>
    <property name="line.separator" value="&#10;"/>
    <property name="java.specification.name" value="Java Platform API Specification"/>
    <property name="java.vm.specification.vendor" value="Oracle Corporation"/>
    <property name="java.awt.graphicsenv" value="sun.awt.X11GraphicsEnvironment"/>
    <property name="java.awt.headless" value="true"/>
    <property name="surefire.real.class.path" value="/home/marlon/env/nifi/processor/processor1/nifi-processor1bn-processors/target/surefire/surefirebooter91203645413804482.jar"/>
    <property name="sun.management.compiler" value="HotSpot 64-Bit Tiered Compilers"/>
    <property name="java.runtime.version" value="11.0.9.1+1-Ubuntu-0ubuntu1.20.04"/>
    <property name="user.name" value="marlon"/>
    <property name="java.net.preferIPv4Stack" value="true"/>
    <property name="path.separator" value=":"/>
    <property name="os.version" value="5.4.0-64-generic"/>
    <property name="java.runtime.name" value="OpenJDK Runtime Environment"/>
    <property name="file.encoding" value="UTF-8"/>
    <property name="java.vm.name" value="OpenJDK 64-Bit Server VM"/>
    <property name="localRepository" value="/home/marlon/.m2/repository"/>
    <property name="java.vendor.url.bug" value="https://bugs.launchpad.net/ubuntu/+source/openjdk-lts"/>
    <property name="java.io.tmpdir" value="/tmp"/>
    <property name="java.version" value="11.0.9.1"/>
    <property name="user.dir" value="/home/marlon/env/nifi/processor/processor1/nifi-processor1bn-processors"/>
    <property name="os.arch" value="amd64"/>
    <property name="java.vm.specification.name" value="Java Virtual Machine Specification"/>
    <property name="java.awt.printerjob" value="sun.print.PSPrinterJob"/>
    <property name="sun.os.patch.level" value="unknown"/>
    <property name="java.library.path" value="/usr/java/packages/lib:/usr/lib/x86_64-linux-gnu/jni:/lib/x86_64-linux-gnu:/usr/lib/x86_64-linux-gnu:/usr/lib/jni:/lib:/usr/lib"/>
    <property name="java.vm.info" value="mixed mode, sharing"/>
    <property name="java.vendor" value="Ubuntu"/>
    <property name="java.vm.version" value="11.0.9.1+1-Ubuntu-0ubuntu1.20.04"/>
    <property name="sun.io.unicode.encoding" value="UnicodeLittle"/>
    <property name="java.class.version" value="55.0"/>
  </properties>
  <testcase name="testProcessor" classname="com.github.marlonflorencio.nifi.MyProcessorTest" time="0.153"/>
</testsuite>